2025-01-28 17:47:33,696 DEBUG    root            Loaded Command Group: ['gcloud', 'auth']
2025-01-28 17:47:33,710 DEBUG    root            Loaded Command Group: ['gcloud', 'auth', 'login']
2025-01-28 17:47:33,711 DEBUG    root            Running [gcloud.auth.login] with arguments: []
2025-01-28 17:47:33,836 DEBUG    requests_oauthlib.oauth2_session Generated new state PiQEh4aT0SlBEyCAKlsM187XHpOWPt.
2025-01-28 17:47:33,987 INFO     ___FILE_ONLY___ Your browser has been opened to visit:

    https://accounts.google.com/o/oauth2/auth?response_type=code&client_id=32555940559.apps.googleusercontent.com&redirect_uri=http%3A%2F%2Flocalhost%3A8085%2F&scope=openid+https%3A%2F%2Fwww.googleapis.com%2Fauth%2Fuserinfo.email+https%3A%2F%2Fwww.googleapis.com%2Fauth%2Fcloud-platform+https%3A%2F%2Fwww.googleapis.com%2Fauth%2Fappengine.admin+https%3A%2F%2Fwww.googleapis.com%2Fauth%2Fsqlservice.login+https%3A%2F%2Fwww.googleapis.com%2Fauth%2Fcompute+https%3A%2F%2Fwww.googleapis.com%2Fauth%2Faccounts.reauth&state=PiQEh4aT0SlBEyCAKlsM187XHpOWPt&access_type=offline&code_challenge=-31AUcgXiYvvEv6RApVatpR_A5CUu7Bb0hT6kXIZLx0&code_challenge_method=S256


2025-01-28 17:47:40,779 INFO     google_auth_oauthlib.flow "GET /?state=PiQEh4aT0SlBEyCAKlsM187XHpOWPt&code=4/0ASVgi3LVLWbdLhcguadnr39sWlBMmTt7DEfGu7uwWnZxCGzn6sXBKWKmD19yS_fhbJii5g&scope=email%20openid%20https://www.googleapis.com/auth/userinfo.email%20https://www.googleapis.com/auth/cloud-platform%20https://www.googleapis.com/auth/appengine.admin%20https://www.googleapis.com/auth/sqlservice.login%20https://www.googleapis.com/auth/compute%20https://www.googleapis.com/auth/accounts.reauth&authuser=0&prompt=consent HTTP/1.1" 200 937
2025-01-28 17:47:40,780 DEBUG    requests_oauthlib.oauth2_session Requesting url https://oauth2.googleapis.com/token using method POST.
2025-01-28 17:47:40,780 DEBUG    requests_oauthlib.oauth2_session Supplying headers {b'Accept': b'application/json', b'Content-Type': b'application/x-www-form-urlencoded;charset=UTF-8', b'user-agent': b'google-cloud-sdk gcloud/507.0.0 command/gcloud.auth.login invocation-id/4d3845e4370446a2b17921139b446813 environment/None environment-version/None client-os/MACOSX client-os-ver/24.1.0 client-pltf-arch/arm interactive/True from-script/False python/3.11.6 term/xterm-256color (Macintosh; Intel Mac OS X 24.1.0)'} and data {'grant_type': 'authorization_code', 'client_id': '32555940559.apps.googleusercontent.com', 'client_secret': 'ZmssLNjJy2998hD4CTg2ejr2', 'code': '4/0ASVgi3LVLWbdLhcguadnr39sWlBMmTt7DEfGu7uwWnZxCGzn6sXBKWKmD19yS_fhbJii5g', 'redirect_uri': 'http://localhost:8085/', 'code_verifier': 'sP8kbBwV6KFsVMvMySVsbrRQLCqZv5Iw6I6WJZJMplQDgP8go~3NV.1x0rJRwoAcxXN_nLWupOHzpO3GJAzXL99Q8eW6pBNzqS9EEzhHWRk~GfHDB7r3No.6btX2Sclx'}
2025-01-28 17:47:40,780 DEBUG    requests_oauthlib.oauth2_session Passing through key word arguments {'json': None, 'timeout': None, 'auth': None, 'verify': None, 'proxies': None}.
2025-01-28 17:47:40,821 DEBUG    urllib3.connectionpool Starting new HTTPS connection (1): oauth2.googleapis.com:443
2025-01-28 17:47:41,107 DEBUG    urllib3.connectionpool https://oauth2.googleapis.com:443 "POST /token HTTP/1.1" 200 None
2025-01-28 17:47:41,108 DEBUG    requests_oauthlib.oauth2_session Prepared fetch token request body grant_type=authorization_code&client_id=32555940559.apps.googleusercontent.com&client_secret=ZmssLNjJy2998hD4CTg2ejr2&code=4%2F0ASVgi3LVLWbdLhcguadnr39sWlBMmTt7DEfGu7uwWnZxCGzn6sXBKWKmD19yS_fhbJii5g&redirect_uri=http%3A%2F%2Flocalhost%3A8085%2F&code_verifier=sP8kbBwV6KFsVMvMySVsbrRQLCqZv5Iw6I6WJZJMplQDgP8go~3NV.1x0rJRwoAcxXN_nLWupOHzpO3GJAzXL99Q8eW6pBNzqS9EEzhHWRk~GfHDB7r3No.6btX2Sclx
2025-01-28 17:47:41,108 DEBUG    requests_oauthlib.oauth2_session Request to fetch token completed with status 200.
2025-01-28 17:47:41,109 DEBUG    requests_oauthlib.oauth2_session Request headers were {'user-agent': b'google-cloud-sdk gcloud/507.0.0 command/gcloud.auth.login invocation-id/4d3845e4370446a2b17921139b446813 environment/None environment-version/None client-os/MACOSX client-os-ver/24.1.0 client-pltf-arch/arm interactive/True from-script/False python/3.11.6 term/xterm-256color (Macintosh; Intel Mac OS X 24.1.0)', 'Accept-Encoding': 'gzip, deflate', 'Accept': b'application/json', 'Connection': 'keep-alive', 'Content-Type': b'application/x-www-form-urlencoded;charset=UTF-8', 'Content-Length': '387'}
2025-01-28 17:47:41,109 DEBUG    requests_oauthlib.oauth2_session Request body was grant_type=authorization_code&client_id=32555940559.apps.googleusercontent.com&client_secret=ZmssLNjJy2998hD4CTg2ejr2&code=4%2F0ASVgi3LVLWbdLhcguadnr39sWlBMmTt7DEfGu7uwWnZxCGzn6sXBKWKmD19yS_fhbJii5g&redirect_uri=http%3A%2F%2Flocalhost%3A8085%2F&code_verifier=sP8kbBwV6KFsVMvMySVsbrRQLCqZv5Iw6I6WJZJMplQDgP8go~3NV.1x0rJRwoAcxXN_nLWupOHzpO3GJAzXL99Q8eW6pBNzqS9EEzhHWRk~GfHDB7r3No.6btX2Sclx
2025-01-28 17:47:41,109 DEBUG    requests_oauthlib.oauth2_session Response headers were {'Pragma': 'no-cache', 'Expires': 'Mon, 01 Jan 1990 00:00:00 GMT', 'Date': 'Tue, 28 Jan 2025 12:17:41 GMT', 'Cache-Control': 'no-cache, no-store, max-age=0, must-revalidate', 'Content-Type': 'application/json; charset=utf-8', 'Vary': 'Origin, X-Origin, Referer', 'Content-Encoding': 'gzip', 'Server': 'scaffolding on HTTPServer2', 'X-XSS-Protection': '0', 'X-Frame-Options': 'SAMEORIGIN', 'X-Content-Type-Options': 'nosniff', 'Alt-Svc': 'h3=":443"; ma=2592000,h3-29=":443"; ma=2592000', 'Transfer-Encoding': 'chunked'} and content {
  "access_token": "ya29.a0AXeO80TvBEkgPSM0Ib-ELookFbxnqONsMnFDQT3ZNCdIpU6UG38pflGhT52ZJATqFMWKGSziFofmk7CeHMwAxyLrJMKM2Lhi7v0n_jpIr_I4ETHVgeCbhqbory4fFRYNbgEx1TxFg52rZzwgt7mUL7Lls-wkGXAjDM6DZ3O22zeTgwaCgYKAfESARASFQHGX2Mi9eKCQfVif9425Y6gmxkfLw0181",
  "expires_in": 3599,
  "refresh_token": "1//0gc8hOdHCmczvCgYIARAAGBASNwF-L9IrQbat78VevdNAEkho41KZ0lqrlw_vvdZckk-fJm60HVUcr5T5N5fw7xWidhm4amp2RBs",
  "scope": "https://www.googleapis.com/auth/sqlservice.login https://www.googleapis.com/auth/accounts.reauth https://www.googleapis.com/auth/compute https://www.googleapis.com/auth/userinfo.email openid https://www.googleapis.com/auth/appengine.admin https://www.googleapis.com/auth/cloud-platform",
  "token_type": "Bearer",
  "id_token": "eyJhbGciOiJSUzI1NiIsImtpZCI6IjYzMzdiZTYzNjRmMzgyNDAwOGQwZTkwMDNmNTBiYjZiNDNkNWE5YzYiLCJ0eXAiOiJKV1QifQ.eyJpc3MiOiJodHRwczovL2FjY291bnRzLmdvb2dsZS5jb20iLCJhenAiOiIzMjU1NTk0MDU1OS5hcHBzLmdvb2dsZXVzZXJjb250ZW50LmNvbSIsImF1ZCI6IjMyNTU1OTQwNTU5LmFwcHMuZ29vZ2xldXNlcmNvbnRlbnQuY29tIiwic3ViIjoiMTAwODA0MjkyMDQ3MjY3NDI5NTkzIiwiZW1haWwiOiJjaGFyaXRyYWFyb3JhQGdtYWlsLmNvbSIsImVtYWlsX3ZlcmlmaWVkIjp0cnVlLCJhdF9oYXNoIjoiNk1zZVc0M05WZ3NQOWdXUDRhNkhfdyIsImlhdCI6MTczODA2NjY2MSwiZXhwIjoxNzM4MDcwMjYxfQ.mdqmzRQew1KF6lP9hl0x0BYQauKCTiq4Do9w0Jdq5TubfuPw3AHX5Q2eAk0Ov5UkCsztS0xgGSBYBWTmbCJnmFLcx7eXwTqtkxBoQMNA8HuJ3hC0HeEBAf1-n4sW8I2548OseaRQoVJc3FTV87yg2zcSXUrgBJRKoNH2Dg2xP1MmjXjXcbiQEKKkWMVMcXdBcLwu372NxRuWdJluRCIc3xbBuxfJGSFJsWYw7-Gq74aKqnQ-eBi01X3IfxKvI_94Fr7H6SoMzX6tYPvjxisl7IEKWIn60QcCYh7rCp-87SsvJyuVEnS6-fx9gC1YCVMkx2udhp60oMCEYTmBxo-2Xw"
}.
2025-01-28 17:47:41,109 DEBUG    requests_oauthlib.oauth2_session Invoking 0 token response hooks.
2025-01-28 17:47:41,109 DEBUG    requests_oauthlib.oauth2_session Obtained token {'access_token': 'ya29.a0AXeO80TvBEkgPSM0Ib-ELookFbxnqONsMnFDQT3ZNCdIpU6UG38pflGhT52ZJATqFMWKGSziFofmk7CeHMwAxyLrJMKM2Lhi7v0n_jpIr_I4ETHVgeCbhqbory4fFRYNbgEx1TxFg52rZzwgt7mUL7Lls-wkGXAjDM6DZ3O22zeTgwaCgYKAfESARASFQHGX2Mi9eKCQfVif9425Y6gmxkfLw0181', 'expires_in': 3599, 'refresh_token': '1//0gc8hOdHCmczvCgYIARAAGBASNwF-L9IrQbat78VevdNAEkho41KZ0lqrlw_vvdZckk-fJm60HVUcr5T5N5fw7xWidhm4amp2RBs', 'scope': ['https://www.googleapis.com/auth/sqlservice.login', 'https://www.googleapis.com/auth/accounts.reauth', 'https://www.googleapis.com/auth/compute', 'https://www.googleapis.com/auth/userinfo.email', 'openid', 'https://www.googleapis.com/auth/appengine.admin', 'https://www.googleapis.com/auth/cloud-platform'], 'token_type': 'Bearer', 'id_token': 'eyJhbGciOiJSUzI1NiIsImtpZCI6IjYzMzdiZTYzNjRmMzgyNDAwOGQwZTkwMDNmNTBiYjZiNDNkNWE5YzYiLCJ0eXAiOiJKV1QifQ.eyJpc3MiOiJodHRwczovL2FjY291bnRzLmdvb2dsZS5jb20iLCJhenAiOiIzMjU1NTk0MDU1OS5hcHBzLmdvb2dsZXVzZXJjb250ZW50LmNvbSIsImF1ZCI6IjMyNTU1OTQwNTU5LmFwcHMuZ29vZ2xldXNlcmNvbnRlbnQuY29tIiwic3ViIjoiMTAwODA0MjkyMDQ3MjY3NDI5NTkzIiwiZW1haWwiOiJjaGFyaXRyYWFyb3JhQGdtYWlsLmNvbSIsImVtYWlsX3ZlcmlmaWVkIjp0cnVlLCJhdF9oYXNoIjoiNk1zZVc0M05WZ3NQOWdXUDRhNkhfdyIsImlhdCI6MTczODA2NjY2MSwiZXhwIjoxNzM4MDcwMjYxfQ.mdqmzRQew1KF6lP9hl0x0BYQauKCTiq4Do9w0Jdq5TubfuPw3AHX5Q2eAk0Ov5UkCsztS0xgGSBYBWTmbCJnmFLcx7eXwTqtkxBoQMNA8HuJ3hC0HeEBAf1-n4sW8I2548OseaRQoVJc3FTV87yg2zcSXUrgBJRKoNH2Dg2xP1MmjXjXcbiQEKKkWMVMcXdBcLwu372NxRuWdJluRCIc3xbBuxfJGSFJsWYw7-Gq74aKqnQ-eBi01X3IfxKvI_94Fr7H6SoMzX6tYPvjxisl7IEKWIn60QcCYh7rCp-87SsvJyuVEnS6-fx9gC1YCVMkx2udhp60oMCEYTmBxo-2Xw', 'expires_at': 1738070260.109416}.
2025-01-28 17:47:41,129 INFO     ___FILE_ONLY___ 
You are now logged in as [charitraarora@gmail.com].
Your current project is [None].  You can change this setting by running:
  $ gcloud config set project PROJECT_ID

2025-01-28 17:47:41,129 DEBUG    root            Chosen display Format:none
2025-01-28 17:47:41,130 INFO     root            Display format: "none"
